<?xml version="1.0" encoding="UTF-8"?>
<testsuite xmlns:xsi="http://www.w3.org/2001/XMLSchema-instance" xsi:noNamespaceSchemaLocation="https://maven.apache.org/surefire/maven-surefire-plugin/xsd/surefire-test-report.xsd" name="com.hdfc.AppTest" time="0.038" tests="1" errors="0" skipped="0" failures="0">
  <properties>
    <property name="sun.desktop" value="windows"/>
    <property name="awt.toolkit" value="sun.awt.windows.WToolkit"/>
    <property name="file.encoding.pkg" value="sun.io"/>
    <property name="java.specification.version" value="1.8"/>
    <property name="sun.cpu.isalist" value="amd64"/>
    <property name="sun.jnu.encoding" value="Cp1252"/>
    <property name="java.class.path" value="C:\Users\veramohanreddy lekka\webapphdfc\target\test-classes;C:\Users\veramohanreddy lekka\webapphdfc\target\classes;C:\Users\veramohanreddy lekka\.m2\repository\junit\junit\4.11\junit-4.11.jar;C:\Users\veramohanreddy lekka\.m2\repository\org\hamcrest\hamcrest-core\1.3\hamcrest-core-1.3.jar;C:\Users\veramohanreddy lekka\.m2\repository\com\ibeetl\mysql\3.12.3-RELEASE\mysql-3.12.3-RELEASE.jar;C:\Users\veramohanreddy lekka\.m2\repository\mysql\mysql-connector-java\8.0.20\mysql-connector-java-8.0.20.jar;C:\Users\veramohanreddy lekka\.m2\repository\com\google\protobuf\protobuf-java\3.6.1\protobuf-java-3.6.1.jar;C:\Users\veramohanreddy lekka\.m2\repository\com\zaxxer\HikariCP\3.3.1\HikariCP-3.3.1.jar;C:\Users\veramohanreddy lekka\.m2\repository\org\slf4j\slf4j-api\1.7.25\slf4j-api-1.7.25.jar;C:\Users\veramohanreddy lekka\.m2\repository\com\ibeetl\beetlsql\3.12.3-RELEASE\beetlsql-3.12.3-RELEASE.jar;C:\Users\veramohanreddy lekka\.m2\repository\com\ibeetl\sql-core\3.12.3-RELEASE\sql-core-3.12.3-RELEASE.jar;C:\Users\veramohanreddy lekka\.m2\repository\com\ibeetl\sql-util\3.12.3-RELEASE\sql-util-3.12.3-RELEASE.jar;C:\Users\veramohanreddy lekka\.m2\repository\com\github\jsqlparser\jsqlparser\4.1\jsqlparser-4.1.jar;C:\Users\veramohanreddy lekka\.m2\repository\com\ibeetl\sql-gen\3.12.3-RELEASE\sql-gen-3.12.3-RELEASE.jar;C:\Users\veramohanreddy lekka\.m2\repository\com\ibeetl\sql-fetch\3.12.3-RELEASE\sql-fetch-3.12.3-RELEASE.jar;C:\Users\veramohanreddy lekka\.m2\repository\com\ibeetl\sql-mapper\3.12.3-RELEASE\sql-mapper-3.12.3-RELEASE.jar;C:\Users\veramohanreddy lekka\.m2\repository\com\ibeetl\beetl\3.9.0.RELEASE\beetl-3.9.0.RELEASE.jar;C:\Users\veramohanreddy lekka\.m2\repository\org\antlr\antlr4-runtime\4.9.2\antlr4-runtime-4.9.2.jar;"/>
    <property name="java.vm.vendor" value="Oracle Corporation"/>
    <property name="sun.arch.data.model" value="64"/>
    <property name="user.variant" value=""/>
    <property name="java.vendor.url" value="http://java.oracle.com/"/>
    <property name="user.timezone" value="Asia/Calcutta"/>
    <property name="java.vm.specification.version" value="1.8"/>
    <property name="os.name" value="Windows 10"/>
    <property name="user.country" value="IN"/>
    <property name="sun.java.launcher" value="SUN_STANDARD"/>
    <property name="sun.boot.library.path" value="C:\Program Files\Java\jdk1.8.0_202\jre\bin"/>
    <property name="sun.java.command" value="C:\Users\VERAMO~1\AppData\Local\Temp\surefire9118521880703981851\surefirebooter5669445190449392789.jar C:\Users\veramohanreddy lekka\AppData\Local\Temp\surefire9118521880703981851 2022-01-19T12-41-23_087-jvmRun1 surefire1451164889851980121tmp surefire_0917471573813974865tmp"/>
    <property name="surefire.test.class.path" value="C:\Users\veramohanreddy lekka\webapphdfc\target\test-classes;C:\Users\veramohanreddy lekka\webapphdfc\target\classes;C:\Users\veramohanreddy lekka\.m2\repository\junit\junit\4.11\junit-4.11.jar;C:\Users\veramohanreddy lekka\.m2\repository\org\hamcrest\hamcrest-core\1.3\hamcrest-core-1.3.jar;C:\Users\veramohanreddy lekka\.m2\repository\com\ibeetl\mysql\3.12.3-RELEASE\mysql-3.12.3-RELEASE.jar;C:\Users\veramohanreddy lekka\.m2\repository\mysql\mysql-connector-java\8.0.20\mysql-connector-java-8.0.20.jar;C:\Users\veramohanreddy lekka\.m2\repository\com\google\protobuf\protobuf-java\3.6.1\protobuf-java-3.6.1.jar;C:\Users\veramohanreddy lekka\.m2\repository\com\zaxxer\HikariCP\3.3.1\HikariCP-3.3.1.jar;C:\Users\veramohanreddy lekka\.m2\repository\org\slf4j\slf4j-api\1.7.25\slf4j-api-1.7.25.jar;C:\Users\veramohanreddy lekka\.m2\repository\com\ibeetl\beetlsql\3.12.3-RELEASE\beetlsql-3.12.3-RELEASE.jar;C:\Users\veramohanreddy lekka\.m2\repository\com\ibeetl\sql-core\3.12.3-RELEASE\sql-core-3.12.3-RELEASE.jar;C:\Users\veramohanreddy lekka\.m2\repository\com\ibeetl\sql-util\3.12.3-RELEASE\sql-util-3.12.3-RELEASE.jar;C:\Users\veramohanreddy lekka\.m2\repository\com\github\jsqlparser\jsqlparser\4.1\jsqlparser-4.1.jar;C:\Users\veramohanreddy lekka\.m2\repository\com\ibeetl\sql-gen\3.12.3-RELEASE\sql-gen-3.12.3-RELEASE.jar;C:\Users\veramohanreddy lekka\.m2\repository\com\ibeetl\sql-fetch\3.12.3-RELEASE\sql-fetch-3.12.3-RELEASE.jar;C:\Users\veramohanreddy lekka\.m2\repository\com\ibeetl\sql-mapper\3.12.3-RELEASE\sql-mapper-3.12.3-RELEASE.jar;C:\Users\veramohanreddy lekka\.m2\repository\com\ibeetl\beetl\3.9.0.RELEASE\beetl-3.9.0.RELEASE.jar;C:\Users\veramohanreddy lekka\.m2\repository\org\antlr\antlr4-runtime\4.9.2\antlr4-runtime-4.9.2.jar;"/>
    <property name="sun.cpu.endian" value="little"/>
    <property name="user.home" value="C:\Users\veramohanreddy lekka"/>
    <property name="user.language" value="en"/>
    <property name="java.specification.vendor" value="Oracle Corporation"/>
    <property name="java.home" value="C:\Program Files\Java\jdk1.8.0_202\jre"/>
    <property name="basedir" value="C:\Users\veramohanreddy lekka\webapphdfc"/>
    <property name="file.separator" value="\"/>
    <property name="line.separator" value="&#10;"/>
    <property name="java.vm.specification.vendor" value="Oracle Corporation"/>
    <property name="java.specification.name" value="Java Platform API Specification"/>
    <property name="java.awt.graphicsenv" value="sun.awt.Win32GraphicsEnvironment"/>
    <property name="surefire.real.class.path" value="C:\Users\VERAMO~1\AppData\Local\Temp\surefire9118521880703981851\surefirebooter5669445190449392789.jar"/>
    <property name="sun.boot.class.path" value="C:\Program Files\Java\jdk1.8.0_202\jre\lib\resources.jar;C:\Program Files\Java\jdk1.8.0_202\jre\lib\rt.jar;C:\Program Files\Java\jdk1.8.0_202\jre\lib\sunrsasign.jar;C:\Program Files\Java\jdk1.8.0_202\jre\lib\jsse.jar;C:\Program Files\Java\jdk1.8.0_202\jre\lib\jce.jar;C:\Program Files\Java\jdk1.8.0_202\jre\lib\charsets.jar;C:\Program Files\Java\jdk1.8.0_202\jre\lib\jfr.jar;C:\Program Files\Java\jdk1.8.0_202\jre\classes"/>
    <property name="user.script" value=""/>
    <property name="sun.management.compiler" value="HotSpot 64-Bit Tiered Compilers"/>
    <property name="java.runtime.version" value="1.8.0_202-b08"/>
    <property name="user.name" value="veramohanreddy lekka"/>
    <property name="path.separator" value=";"/>
    <property name="os.version" value="10.0"/>
    <property name="java.endorsed.dirs" value="C:\Program Files\Java\jdk1.8.0_202\jre\lib\endorsed"/>
    <property name="java.runtime.name" value="Java(TM) SE Runtime Environment"/>
    <property name="file.encoding" value="Cp1252"/>
    <property name="java.vm.name" value="Java HotSpot(TM) 64-Bit Server VM"/>
    <property name="localRepository" value="C:\Users\veramohanreddy lekka\.m2\repository"/>
    <property name="java.vendor.url.bug" value="http://bugreport.sun.com/bugreport/"/>
    <property name="java.io.tmpdir" value="C:\Users\VERAMO~1\AppData\Local\Temp\"/>
    <property name="java.version" value="1.8.0_202"/>
    <property name="user.dir" value="C:\Users\veramohanreddy lekka\webapphdfc"/>
    <property name="os.arch" value="amd64"/>
    <property name="java.vm.specification.name" value="Java Virtual Machine Specification"/>
    <property name="java.awt.printerjob" value="sun.awt.windows.WPrinterJob"/>
    <property name="sun.os.patch.level" value=""/>
    <property name="java.library.path" value="C:\Program Files\Java\jdk1.8.0_202\jre\bin;C:\WINDOWS\Sun\Java\bin;C:\WINDOWS\system32;C:\WINDOWS;C:\Program Files\NVIDIA GPU Computing Toolkit\CUDA\v11.0\bin;C:\Program Files\NVIDIA GPU Computing Toolkit\CUDA\v11.0\libnvvp;C:\Program Files (x86)\Common Files\Oracle\Java\javapath;C:\Windows\system32;C:\Windows;C:\Windows\System32\Wbem;C:\Windows\System32\WindowsPowerShell\v1.0\;C:\Windows\System32\OpenSSH\;C:\Program Files (x86)\NVIDIA Corporation\PhysX\Common;C:\Program Files\NVIDIA Corporation\NVIDIA NvDLISR;C:\Program Files\nodejs\;C:\WINDOWS\system32;C:\WINDOWS;C:\WINDOWS\System32\Wbem;C:\WINDOWS\System32\WindowsPowerShell\v1.0\;C:\WINDOWS\System32\OpenSSH\;C:\Program Files\NVIDIA Corporation\Nsight Compute 2020.1.1\;C:\Program Files\PuTTY\;C:\Program Files\Git\cmd;C:\Program Files\Java\jdk1.8.0_202\bin;C:\Users\veramohanreddy lekka\Downloads\apache-maven-3.8.4-bin\apache-maven-3.8.4\bin;C:\Users\veramohanreddy lekka\AppData\Local\Microsoft\WindowsApps;C:\Users\veramohanreddy lekka\AppData\Roaming\npm;C:\Users\veramohanreddy lekka\AppData\Local\Programs\Microsoft VS Code\bin;;C:\Program Files\JetBrains\PyCharm Community Edition 2021.1.3\bin;;."/>
    <property name="java.vm.info" value="mixed mode"/>
    <property name="java.vendor" value="Oracle Corporation"/>
    <property name="java.vm.version" value="25.202-b08"/>
    <property name="java.ext.dirs" value="C:\Program Files\Java\jdk1.8.0_202\jre\lib\ext;C:\WINDOWS\Sun\Java\lib\ext"/>
    <property name="sun.io.unicode.encoding" value="UnicodeLittle"/>
    <property name="java.class.version" value="52.0"/>
  </properties>
  <testcase name="shouldAnswerWithTrue" classname="com.hdfc.AppTest" time="0.003"/>
</testsuite>